time="2019-01-24T00:10:04+08:00" level=info msg="init config success"
time="2019-01-24T00:10:04+08:00" level=info msg="init job mgr"
time="2019-01-24T00:10:04+08:00" level=info msg="init api server success"
time="2019-01-24T00:18:48+08:00" level=info msg="get jobs list: [{job1 echo hello world 0/3 * * * * * *} {job2 echo hello long */1 * * * * * *} {job3 ls -lh 0/10 * * * * * *}]"
time="2019-01-24T00:19:21+08:00" level=info msg="get jobs list: [{job1 echo hello world 0/3 * * * * * *} {job2 echo hello long */1 * * * * * *} {job3 ls -lh 0/10 * * * * * *}]"
time="2019-01-24T00:19:32+08:00" level=info msg="del job [{job3 ls -lh 0/10 * * * * * *}] success"
time="2019-01-24T00:19:32+08:00" level=info msg="get jobs list: [{job1 echo hello world 0/3 * * * * * *} {job2 echo hello long */1 * * * * * *}]"
time="2019-01-24T00:54:28+08:00" level=info msg="kill job job1 success"
time="2019-01-24T00:54:28+08:00" level=info msg="get jobs list: [{job1 echo hello world 0/3 * * * * * *} {job2 echo hello long */1 * * * * * *}]"
time="2019-01-24T00:56:53+08:00" level=info msg="kill job job1 success"
time="2019-01-24T00:56:53+08:00" level=info msg="get jobs list: [{job1 echo hello world 0/3 * * * * * *} {job2 echo hello long */1 * * * * * *}]"
time="2019-01-24T00:57:19+08:00" level=info msg="save job {job1 echo hello world 0/5 * * * * * *} success"
time="2019-01-24T00:57:19+08:00" level=info msg="get jobs list: [{job1 echo hello world 0/5 * * * * * *} {job2 echo hello long */1 * * * * * *}]"
time="2019-01-24T00:57:26+08:00" level=info msg="save job {job2 echo hello long */10 * * * * * *} success"
time="2019-01-24T00:57:26+08:00" level=info msg="get jobs list: [{job1 echo hello world 0/5 * * * * * *} {job2 echo hello long */10 * * * * * *}]"
time="2019-01-24T00:57:36+08:00" level=info msg="kill job job1 success"
time="2019-01-24T00:57:36+08:00" level=info msg="get jobs list: [{job1 echo hello world 0/5 * * * * * *} {job2 echo hello long */10 * * * * * *}]"
time="2019-01-24T00:57:49+08:00" level=info msg="kill job job1 success"
time="2019-01-24T00:57:49+08:00" level=info msg="get jobs list: [{job1 echo hello world 0/5 * * * * * *} {job2 echo hello long */10 * * * * * *}]"
time="2019-01-24T00:57:50+08:00" level=info msg="kill job job1 success"
time="2019-01-24T00:57:50+08:00" level=info msg="get jobs list: [{job1 echo hello world 0/5 * * * * * *} {job2 echo hello long */10 * * * * * *}]"
time="2019-01-24T00:57:50+08:00" level=info msg="kill job job1 success"
time="2019-01-24T00:57:50+08:00" level=info msg="get jobs list: [{job1 echo hello world 0/5 * * * * * *} {job2 echo hello long */10 * * * * * *}]"
time="2019-01-24T00:57:51+08:00" level=info msg="kill job job1 success"
time="2019-01-24T00:57:51+08:00" level=info msg="get jobs list: [{job1 echo hello world 0/5 * * * * * *} {job2 echo hello long */10 * * * * * *}]"
time="2019-01-24T00:57:52+08:00" level=info msg="kill job job1 success"
time="2019-01-24T00:57:52+08:00" level=info msg="get jobs list: [{job1 echo hello world 0/5 * * * * * *} {job2 echo hello long */10 * * * * * *}]"
time="2019-01-24T00:57:52+08:00" level=info msg="kill job job1 success"
time="2019-01-24T00:57:52+08:00" level=info msg="get jobs list: [{job1 echo hello world 0/5 * * * * * *} {job2 echo hello long */10 * * * * * *}]"
time="2019-01-24T00:58:05+08:00" level=info msg="save job {job1 echo hello world 0/2 * * * * * *} success"
time="2019-01-24T00:58:05+08:00" level=info msg="get jobs list: [{job1 echo hello world 0/2 * * * * * *} {job2 echo hello long */10 * * * * * *}]"
time="2019-01-24T00:58:07+08:00" level=info msg="kill job job1 success"
time="2019-01-24T00:58:07+08:00" level=info msg="get jobs list: [{job1 echo hello world 0/2 * * * * * *} {job2 echo hello long */10 * * * * * *}]"
time="2019-01-24T00:58:11+08:00" level=info msg="kill job job1 success"
time="2019-01-24T00:58:11+08:00" level=info msg="get jobs list: [{job1 echo hello world 0/2 * * * * * *} {job2 echo hello long */10 * * * * * *}]"
time="2019-01-24T00:58:12+08:00" level=info msg="kill job job1 success"
time="2019-01-24T00:58:12+08:00" level=info msg="get jobs list: [{job1 echo hello world 0/2 * * * * * *} {job2 echo hello long */10 * * * * * *}]"
time="2019-01-24T00:58:13+08:00" level=info msg="kill job job1 success"
time="2019-01-24T00:58:13+08:00" level=info msg="get jobs list: [{job1 echo hello world 0/2 * * * * * *} {job2 echo hello long */10 * * * * * *}]"
time="2019-01-24T00:58:25+08:00" level=info msg="kill job job1 success"
time="2019-01-24T00:58:26+08:00" level=info msg="get jobs list: [{job1 echo hello world 0/2 * * * * * *} {job2 echo hello long */10 * * * * * *}]"
time="2019-01-24T00:58:26+08:00" level=info msg="kill job job1 success"
time="2019-01-24T00:58:26+08:00" level=info msg="get jobs list: [{job1 echo hello world 0/2 * * * * * *} {job2 echo hello long */10 * * * * * *}]"
time="2019-01-24T00:58:27+08:00" level=info msg="kill job job1 success"
time="2019-01-24T00:58:27+08:00" level=info msg="get jobs list: [{job1 echo hello world 0/2 * * * * * *} {job2 echo hello long */10 * * * * * *}]"
time="2019-01-24T00:58:27+08:00" level=info msg="kill job job1 success"
time="2019-01-24T00:58:27+08:00" level=info msg="get jobs list: [{job1 echo hello world 0/2 * * * * * *} {job2 echo hello long */10 * * * * * *}]"
time="2019-01-24T00:58:28+08:00" level=info msg="kill job job1 success"
time="2019-01-24T00:58:28+08:00" level=info msg="get jobs list: [{job1 echo hello world 0/2 * * * * * *} {job2 echo hello long */10 * * * * * *}]"
time="2019-01-24T00:58:29+08:00" level=info msg="kill job job1 success"
time="2019-01-24T00:58:29+08:00" level=info msg="get jobs list: [{job1 echo hello world 0/2 * * * * * *} {job2 echo hello long */10 * * * * * *}]"
time="2019-01-24T00:58:38+08:00" level=info msg="save job {job1 sleep 10 0/2 * * * * * *} success"
time="2019-01-24T00:58:39+08:00" level=info msg="get jobs list: [{job1 sleep 10 0/2 * * * * * *} {job2 echo hello long */10 * * * * * *}]"
time="2019-01-24T00:59:08+08:00" level=info msg="kill job job1 success"
time="2019-01-24T00:59:08+08:00" level=info msg="get jobs list: [{job1 sleep 10 0/2 * * * * * *} {job2 echo hello long */10 * * * * * *}]"
time="2019-01-24T01:09:05+08:00" level=info msg="save job {job1 sleep 1 0/2 * * * * * *} success"
time="2019-01-24T01:09:05+08:00" level=info msg="get jobs list: [{job1 sleep 1 0/2 * * * * * *} {job2 echo hello long */10 * * * * * *}]"
